[2026-03-05 13:18:06] [INFO ] ===== TEST STARTED: TC_004_EmptyFields =====
[2026-03-05 13:18:08] [INFO ] Browser launched
[2026-03-05 13:18:08] [INFO ] Browser window maximized
[2026-03-05 13:18:11] [INFO ] Navigated to application URL
[2026-03-05 13:18:12] [INFO ] Test execution completed for: TC_004_EmptyFields
[2026-03-05 13:18:12] [DEBUG] Execution time: 6.03 sec
[2026-03-05 13:18:12] [PASS ] ===== TEST PASSED: TC_004_EmptyFields =====
[2026-03-05 13:18:12] [INFO ] Closing browser
[2026-03-05 13:18:13] [INFO ] Browser closed successfully
[2026-03-05 13:18:13] [INFO ] ===== TEST STARTED: TC_003_InvalidPassword =====
[2026-03-05 13:18:14] [INFO ] Browser launched
[2026-03-05 13:18:14] [INFO ] Browser window maximized
[2026-03-05 13:18:17] [INFO ] Navigated to application URL
[2026-03-05 13:18:19] [INFO ] Test execution completed for: TC_003_InvalidPassword
[2026-03-05 13:18:19] [DEBUG] Execution time: 6.00 sec
[2026-03-05 13:18:19] [PASS ] ===== TEST PASSED: TC_003_InvalidPassword =====
[2026-03-05 13:18:19] [INFO ] Closing browser
[2026-03-05 13:18:19] [INFO ] Browser closed successfully
[2026-03-05 13:18:19] [INFO ] ===== TEST STARTED: TC_002_InvalidUsername =====
[2026-03-05 13:18:20] [INFO ] Browser launched
[2026-03-05 13:18:20] [INFO ] Browser window maximized
[2026-03-05 13:18:23] [INFO ] Navigated to application URL
[2026-03-05 13:18:25] [INFO ] Test execution completed for: TC_002_InvalidUsername
[2026-03-05 13:18:25] [DEBUG] Execution time: 5.94 sec
[2026-03-05 13:18:25] [PASS ] ===== TEST PASSED: TC_002_InvalidUsername =====
[2026-03-05 13:18:25] [INFO ] Closing browser
[2026-03-05 13:18:25] [INFO ] Browser closed successfully
[2026-03-05 13:18:25] [INFO ] ===== TEST STARTED: TC_005_SpecialCharacters =====
[2026-03-05 13:18:26] [INFO ] Browser launched
[2026-03-05 13:18:26] [INFO ] Browser window maximized
[2026-03-05 13:18:30] [INFO ] Navigated to application URL
[2026-03-05 13:18:31] [INFO ] Test execution completed for: TC_005_SpecialCharacters
[2026-03-05 13:18:31] [DEBUG] Execution time: 6.55 sec
[2026-03-05 13:18:31] [PASS ] ===== TEST PASSED: TC_005_SpecialCharacters =====
[2026-03-05 13:18:31] [INFO ] Closing browser
[2026-03-05 13:18:32] [INFO ] Browser closed successfully
[2026-03-05 13:18:32] [INFO ] ===== TEST STARTED: TC_001_ValidLogin =====
[2026-03-05 13:18:33] [INFO ] Browser launched
[2026-03-05 13:18:33] [INFO ] Browser window maximized
[2026-03-05 13:18:36] [INFO ] Navigated to application URL
[2026-03-05 13:18:37] [INFO ] Test execution completed for: TC_001_ValidLogin
[2026-03-05 13:18:37] [DEBUG] Execution time: 5.88 sec
[2026-03-05 13:18:37] [PASS ] ===== TEST PASSED: TC_001_ValidLogin =====
[2026-03-05 13:18:37] [INFO ] Closing browser
[2026-03-05 13:18:38] [INFO ] Browser closed successfully
[2026-03-05 13:18:38] [INFO ] ===== TEST STARTED: TC_006_VerifyLogoutButton =====
[2026-03-05 13:18:39] [INFO ] Browser launched
[2026-03-05 13:18:39] [INFO ] Browser window maximized
[2026-03-05 13:18:42] [INFO ] Navigated to application URL
[2026-03-05 13:18:44] [INFO ] Test execution completed for: TC_006_VerifyLogoutButton
[2026-03-05 13:18:44] [DEBUG] Execution time: 6.59 sec
[2026-03-05 13:18:44] [PASS ] ===== TEST PASSED: TC_006_VerifyLogoutButton =====
[2026-03-05 13:18:44] [INFO ] Closing browser
[2026-03-05 13:18:44] [INFO ] Browser closed successfully
[2026-03-05 13:58:22] [INFO ] ===== TEST STARTED: TC_007_DashboardHeaderText =====
[2026-03-05 13:58:26] [INFO ] Browser launched
[2026-03-05 13:58:26] [INFO ] Browser window maximized
[2026-03-05 13:58:29] [INFO ] Navigated to application URL
[2026-03-05 13:58:30] [INFO ] Test execution completed for: TC_007_DashboardHeaderText
[2026-03-05 13:58:30] [DEBUG] Execution time: 7.88 sec
[2026-03-05 13:58:30] [PASS ] ===== TEST PASSED: TC_007_DashboardHeaderText =====
[2026-03-05 13:58:30] [INFO ] Closing browser
[2026-03-05 13:58:30] [INFO ] Browser closed successfully
[2026-03-05 13:58:30] [INFO ] ===== TEST STARTED: TC_006_DashboardLoads =====
[2026-03-05 13:58:32] [INFO ] Browser launched
[2026-03-05 13:58:32] [INFO ] Browser window maximized
[2026-03-05 13:58:35] [INFO ] Navigated to application URL
[2026-03-05 13:58:36] [INFO ] Test execution completed for: TC_006_DashboardLoads
[2026-03-05 13:58:36] [DEBUG] Execution time: 5.84 sec
[2026-03-05 13:58:36] [PASS ] ===== TEST PASSED: TC_006_DashboardLoads =====
[2026-03-05 13:58:36] [INFO ] Closing browser
[2026-03-05 13:58:36] [INFO ] Browser closed successfully
[2026-03-05 13:58:36] [INFO ] ===== TEST STARTED: TC_008_LogoutButtonVisible =====
[2026-03-05 13:58:38] [INFO ] Browser launched
[2026-03-05 13:58:38] [INFO ] Browser window maximized
[2026-03-05 13:58:41] [INFO ] Navigated to application URL
[2026-03-05 13:58:42] [INFO ] Test execution completed for: TC_008_LogoutButtonVisible
[2026-03-05 13:58:42] [DEBUG] Execution time: 5.96 sec
[2026-03-05 13:58:42] [PASS ] ===== TEST PASSED: TC_008_LogoutButtonVisible =====
[2026-03-05 13:58:42] [INFO ] Closing browser
[2026-03-05 13:58:42] [INFO ] Browser closed successfully
[2026-03-05 13:58:42] [INFO ] ===== TEST STARTED: TC_009_LogoutRedirectsToLogin =====
[2026-03-05 13:58:44] [INFO ] Browser launched
[2026-03-05 13:58:44] [INFO ] Browser window maximized
[2026-03-05 13:58:47] [INFO ] Navigated to application URL
[2026-03-05 13:58:59] [INFO ] Test execution completed for: TC_009_LogoutRedirectsToLogin
[2026-03-05 13:58:59] [DEBUG] Execution time: 16.38 sec
[2026-03-05 13:58:59] [PASS ] ===== TEST PASSED: TC_009_LogoutRedirectsToLogin =====
[2026-03-05 13:58:59] [INFO ] Closing browser
[2026-03-05 13:58:59] [INFO ] Browser closed successfully
[2026-03-05 13:58:59] [INFO ] ===== TEST STARTED: TC_010_SuccessMessageAfterLogin =====
[2026-03-05 13:59:00] [INFO ] Browser launched
[2026-03-05 13:59:00] [INFO ] Browser window maximized
[2026-03-05 13:59:04] [INFO ] Navigated to application URL
[2026-03-05 13:59:06] [INFO ] Test execution completed for: TC_010_SuccessMessageAfterLogin
[2026-03-05 13:59:06] [DEBUG] Execution time: 6.73 sec
[2026-03-05 13:59:06] [PASS ] ===== TEST PASSED: TC_010_SuccessMessageAfterLogin =====
[2026-03-05 13:59:06] [INFO ] Closing browser
[2026-03-05 13:59:06] [INFO ] Browser closed successfully
[2026-03-05 13:59:06] [INFO ] ===== TEST STARTED: TC_011_SuccessMessageText =====
[2026-03-05 13:59:07] [INFO ] Browser launched
[2026-03-05 13:59:07] [INFO ] Browser window maximized
[2026-03-05 13:59:11] [INFO ] Navigated to application URL
[2026-03-05 13:59:12] [INFO ] Test execution completed for: TC_011_SuccessMessageText
[2026-03-05 13:59:12] [DEBUG] Execution time: 5.89 sec
[2026-03-05 13:59:12] [PASS ] ===== TEST PASSED: TC_011_SuccessMessageText =====
[2026-03-05 13:59:12] [INFO ] Closing browser
[2026-03-05 13:59:12] [INFO ] Browser closed successfully
[2026-03-05 13:59:12] [INFO ] ===== TEST STARTED: TC_004_EmptyFields =====
[2026-03-05 13:59:13] [INFO ] Browser launched
[2026-03-05 13:59:13] [INFO ] Browser window maximized
[2026-03-05 13:59:17] [INFO ] Navigated to application URL
[2026-03-05 13:59:18] [INFO ] Test execution completed for: TC_004_EmptyFields
[2026-03-05 13:59:18] [DEBUG] Execution time: 5.90 sec
[2026-03-05 13:59:18] [PASS ] ===== TEST PASSED: TC_004_EmptyFields =====
[2026-03-05 13:59:18] [INFO ] Closing browser
[2026-03-05 13:59:18] [INFO ] Browser closed successfully
[2026-03-05 13:59:18] [INFO ] ===== TEST STARTED: TC_003_InvalidPassword =====
[2026-03-05 13:59:19] [INFO ] Browser launched
[2026-03-05 13:59:19] [INFO ] Browser window maximized
[2026-03-05 13:59:22] [INFO ] Navigated to application URL
[2026-03-05 13:59:23] [INFO ] Test execution completed for: TC_003_InvalidPassword
[2026-03-05 13:59:23] [DEBUG] Execution time: 5.70 sec
[2026-03-05 13:59:23] [PASS ] ===== TEST PASSED: TC_003_InvalidPassword =====
[2026-03-05 13:59:23] [INFO ] Closing browser
[2026-03-05 13:59:24] [INFO ] Browser closed successfully
[2026-03-05 13:59:24] [INFO ] ===== TEST STARTED: TC_002_InvalidUsername =====
[2026-03-05 13:59:25] [INFO ] Browser launched
[2026-03-05 13:59:25] [INFO ] Browser window maximized
[2026-03-05 13:59:28] [INFO ] Navigated to application URL
[2026-03-05 13:59:30] [INFO ] Test execution completed for: TC_002_InvalidUsername
[2026-03-05 13:59:30] [DEBUG] Execution time: 5.99 sec
[2026-03-05 13:59:30] [PASS ] ===== TEST PASSED: TC_002_InvalidUsername =====
[2026-03-05 13:59:30] [INFO ] Closing browser
[2026-03-05 13:59:30] [INFO ] Browser closed successfully
[2026-03-05 13:59:30] [INFO ] ===== TEST STARTED: TC_005_SpecialCharacters =====
[2026-03-05 13:59:31] [INFO ] Browser launched
[2026-03-05 13:59:31] [INFO ] Browser window maximized
[2026-03-05 13:59:35] [INFO ] Navigated to application URL
[2026-03-05 13:59:36] [INFO ] Test execution completed for: TC_005_SpecialCharacters
[2026-03-05 13:59:36] [DEBUG] Execution time: 6.26 sec
[2026-03-05 13:59:36] [PASS ] ===== TEST PASSED: TC_005_SpecialCharacters =====
[2026-03-05 13:59:36] [INFO ] Closing browser
[2026-03-05 13:59:36] [INFO ] Browser closed successfully
[2026-03-05 13:59:36] [INFO ] ===== TEST STARTED: TC_001_ValidLogin =====
[2026-03-05 13:59:37] [INFO ] Browser launched
[2026-03-05 13:59:37] [INFO ] Browser window maximized
[2026-03-05 13:59:41] [INFO ] Navigated to application URL
[2026-03-05 13:59:42] [INFO ] Test execution completed for: TC_001_ValidLogin
[2026-03-05 13:59:42] [DEBUG] Execution time: 5.77 sec
[2026-03-05 13:59:42] [PASS ] ===== TEST PASSED: TC_001_ValidLogin =====
[2026-03-05 13:59:42] [INFO ] Closing browser
[2026-03-05 13:59:42] [INFO ] Browser closed successfully
[2026-03-05 14:06:22] [INFO ] ===== TEST STARTED: TC_007_DashboardHeaderText =====
[2026-03-05 14:06:23] [INFO ] Browser launched
[2026-03-05 14:06:23] [INFO ] Browser window maximized
[2026-03-05 14:06:26] [INFO ] Navigated to application URL
[2026-03-05 14:06:27] [INFO ] Test execution completed for: TC_007_DashboardHeaderText
[2026-03-05 14:06:27] [DEBUG] Execution time: 5.46 sec
[2026-03-05 14:06:27] [PASS ] ===== TEST PASSED: TC_007_DashboardHeaderText =====
[2026-03-05 14:06:27] [INFO ] Closing browser
[2026-03-05 14:06:27] [INFO ] Browser closed successfully
[2026-03-05 14:06:27] [INFO ] ===== TEST STARTED: TC_006_DashboardLoads =====
[2026-03-05 14:06:28] [INFO ] Browser launched
[2026-03-05 14:06:28] [INFO ] Browser window maximized
[2026-03-05 14:06:32] [INFO ] Navigated to application URL
[2026-03-05 14:06:33] [INFO ] Test execution completed for: TC_006_DashboardLoads
[2026-03-05 14:06:33] [DEBUG] Execution time: 5.70 sec
[2026-03-05 14:06:33] [PASS ] ===== TEST PASSED: TC_006_DashboardLoads =====
[2026-03-05 14:06:33] [INFO ] Closing browser
[2026-03-05 14:06:33] [INFO ] Browser closed successfully
[2026-03-05 14:06:33] [INFO ] ===== TEST STARTED: TC_008_LogoutButtonVisible =====
[2026-03-05 14:06:34] [INFO ] Browser launched
[2026-03-05 14:06:34] [INFO ] Browser window maximized
[2026-03-05 14:06:37] [INFO ] Navigated to application URL
[2026-03-05 14:06:39] [INFO ] Test execution completed for: TC_008_LogoutButtonVisible
[2026-03-05 14:06:39] [DEBUG] Execution time: 5.57 sec
[2026-03-05 14:06:39] [PASS ] ===== TEST PASSED: TC_008_LogoutButtonVisible =====
[2026-03-05 14:06:39] [INFO ] Closing browser
[2026-03-05 14:06:39] [INFO ] Browser closed successfully
[2026-03-05 14:06:39] [INFO ] ===== TEST STARTED: TC_009_LogoutRedirectsToLogin =====
[2026-03-05 14:06:40] [INFO ] Browser launched
[2026-03-05 14:06:40] [INFO ] Browser window maximized
[2026-03-05 14:06:44] [INFO ] Navigated to application URL
[2026-03-05 14:06:55] [INFO ] Test execution completed for: TC_009_LogoutRedirectsToLogin
[2026-03-05 14:06:55] [DEBUG] Execution time: 16.71 sec
[2026-03-05 14:06:55] [PASS ] ===== TEST PASSED: TC_009_LogoutRedirectsToLogin =====
[2026-03-05 14:06:55] [INFO ] Closing browser
[2026-03-05 14:06:56] [INFO ] Browser closed successfully
[2026-03-05 14:06:56] [INFO ] ===== TEST STARTED: TC_010_SuccessMessageAfterLogin =====
[2026-03-05 14:06:57] [INFO ] Browser launched
[2026-03-05 14:06:57] [INFO ] Browser window maximized
[2026-03-05 14:07:00] [INFO ] Navigated to application URL
[2026-03-05 14:07:02] [INFO ] Test execution completed for: TC_010_SuccessMessageAfterLogin
[2026-03-05 14:07:02] [DEBUG] Execution time: 6.06 sec
[2026-03-05 14:07:02] [PASS ] ===== TEST PASSED: TC_010_SuccessMessageAfterLogin =====
[2026-03-05 14:07:02] [INFO ] Closing browser
[2026-03-05 14:07:02] [INFO ] Browser closed successfully
[2026-03-05 14:07:02] [INFO ] ===== TEST STARTED: TC_011_SuccessMessageText =====
[2026-03-05 14:07:03] [INFO ] Browser launched
[2026-03-05 14:07:03] [INFO ] Browser window maximized
[2026-03-05 14:07:06] [INFO ] Navigated to application URL
[2026-03-05 14:07:07] [INFO ] Test execution completed for: TC_011_SuccessMessageText
[2026-03-05 14:07:07] [DEBUG] Execution time: 5.52 sec
[2026-03-05 14:07:07] [PASS ] ===== TEST PASSED: TC_011_SuccessMessageText =====
[2026-03-05 14:07:07] [INFO ] Closing browser
[2026-03-05 14:07:07] [INFO ] Browser closed successfully
[2026-03-05 14:07:07] [INFO ] ===== TEST STARTED: TC_004_EmptyFields =====
[2026-03-05 14:07:09] [INFO ] Browser launched
[2026-03-05 14:07:09] [INFO ] Browser window maximized
[2026-03-05 14:07:12] [INFO ] Navigated to application URL
[2026-03-05 14:07:13] [INFO ] Test execution completed for: TC_004_EmptyFields
[2026-03-05 14:07:13] [DEBUG] Execution time: 5.87 sec
[2026-03-05 14:07:13] [PASS ] ===== TEST PASSED: TC_004_EmptyFields =====
[2026-03-05 14:07:13] [INFO ] Closing browser
[2026-03-05 14:07:13] [INFO ] Browser closed successfully
[2026-03-05 14:07:13] [INFO ] ===== TEST STARTED: TC_003_InvalidPassword =====
[2026-03-05 14:07:15] [INFO ] Browser launched
[2026-03-05 14:07:15] [INFO ] Browser window maximized
[2026-03-05 14:07:18] [INFO ] Navigated to application URL
[2026-03-05 14:07:19] [INFO ] Test execution completed for: TC_003_InvalidPassword
[2026-03-05 14:07:19] [DEBUG] Execution time: 5.94 sec
[2026-03-05 14:07:19] [PASS ] ===== TEST PASSED: TC_003_InvalidPassword =====
[2026-03-05 14:07:19] [INFO ] Closing browser
[2026-03-05 14:07:19] [INFO ] Browser closed successfully
[2026-03-05 14:07:19] [INFO ] ===== TEST STARTED: TC_002_InvalidUsername =====
[2026-03-05 14:07:21] [INFO ] Browser launched
[2026-03-05 14:07:21] [INFO ] Browser window maximized
[2026-03-05 14:07:24] [INFO ] Navigated to application URL
[2026-03-05 14:07:25] [INFO ] Test execution completed for: TC_002_InvalidUsername
[2026-03-05 14:07:25] [DEBUG] Execution time: 5.68 sec
[2026-03-05 14:07:25] [PASS ] ===== TEST PASSED: TC_002_InvalidUsername =====
[2026-03-05 14:07:25] [INFO ] Closing browser
[2026-03-05 14:07:25] [INFO ] Browser closed successfully
[2026-03-05 14:07:25] [INFO ] ===== TEST STARTED: TC_005_SpecialCharacters =====
[2026-03-05 14:07:26] [INFO ] Browser launched
[2026-03-05 14:07:27] [INFO ] Browser window maximized
[2026-03-05 14:07:30] [INFO ] Navigated to application URL
[2026-03-05 14:07:31] [INFO ] Test execution completed for: TC_005_SpecialCharacters
[2026-03-05 14:07:31] [DEBUG] Execution time: 5.31 sec
[2026-03-05 14:07:31] [PASS ] ===== TEST PASSED: TC_005_SpecialCharacters =====
[2026-03-05 14:07:31] [INFO ] Closing browser
[2026-03-05 14:07:31] [INFO ] Browser closed successfully
[2026-03-05 14:07:31] [INFO ] ===== TEST STARTED: TC_001_ValidLogin =====
[2026-03-05 14:07:32] [INFO ] Browser launched
[2026-03-05 14:07:32] [INFO ] Browser window maximized
[2026-03-05 14:07:35] [INFO ] Navigated to application URL
[2026-03-05 14:07:36] [INFO ] Test execution completed for: TC_001_ValidLogin
[2026-03-05 14:07:36] [DEBUG] Execution time: 5.28 sec
[2026-03-05 14:07:36] [PASS ] ===== TEST PASSED: TC_001_ValidLogin =====
[2026-03-05 14:07:36] [INFO ] Closing browser
[2026-03-05 14:07:36] [INFO ] Browser closed successfully
[2026-03-05 14:08:15] [INFO ] ===== TEST STARTED: TC_007_DashboardHeaderText =====
[2026-03-05 14:08:16] [INFO ] Browser launched
[2026-03-05 14:08:16] [INFO ] Browser window maximized
[2026-03-05 14:08:19] [INFO ] Navigated to application URL
[2026-03-05 14:08:21] [INFO ] Test execution completed for: TC_007_DashboardHeaderText
[2026-03-05 14:08:21] [DEBUG] Execution time: 5.72 sec
[2026-03-05 14:08:21] [PASS ] ===== TEST PASSED: TC_007_DashboardHeaderText =====
[2026-03-05 14:08:21] [INFO ] Closing browser
[2026-03-05 14:08:21] [INFO ] Browser closed successfully
[2026-03-05 14:08:21] [INFO ] ===== TEST STARTED: TC_006_DashboardLoads =====
[2026-03-05 14:08:22] [INFO ] Browser launched
[2026-03-05 14:08:22] [INFO ] Browser window maximized
[2026-03-05 14:08:25] [INFO ] Navigated to application URL
[2026-03-05 14:08:27] [INFO ] Test execution completed for: TC_006_DashboardLoads
[2026-03-05 14:08:27] [DEBUG] Execution time: 5.77 sec
[2026-03-05 14:08:27] [PASS ] ===== TEST PASSED: TC_006_DashboardLoads =====
[2026-03-05 14:08:27] [INFO ] Closing browser
[2026-03-05 14:08:27] [INFO ] Browser closed successfully
[2026-03-05 14:08:27] [INFO ] ===== TEST STARTED: TC_008_LogoutButtonVisible =====
[2026-03-05 14:08:28] [INFO ] Browser launched
[2026-03-05 14:08:28] [INFO ] Browser window maximized
[2026-03-05 14:08:31] [INFO ] Navigated to application URL
[2026-03-05 14:08:32] [INFO ] Test execution completed for: TC_008_LogoutButtonVisible
[2026-03-05 14:08:32] [DEBUG] Execution time: 5.63 sec
[2026-03-05 14:08:32] [PASS ] ===== TEST PASSED: TC_008_LogoutButtonVisible =====
[2026-03-05 14:08:32] [INFO ] Closing browser
[2026-03-05 14:08:32] [INFO ] Browser closed successfully
[2026-03-05 14:08:32] [INFO ] ===== TEST STARTED: TC_009_LogoutRedirectsToLogin =====
[2026-03-05 14:08:34] [INFO ] Browser launched
[2026-03-05 14:08:34] [INFO ] Browser window maximized
[2026-03-05 14:08:37] [INFO ] Navigated to application URL
[2026-03-05 14:08:49] [INFO ] Test execution completed for: TC_009_LogoutRedirectsToLogin
[2026-03-05 14:08:49] [DEBUG] Execution time: 16.63 sec
[2026-03-05 14:08:49] [FAIL ] ===== TEST FAILED: TC_009_LogoutRedirectsToLogin  =====
[2026-03-05 14:08:49] [WARN ] Screenshot captured for failed test
[2026-03-05 14:08:49] [INFO ] Closing browser
[2026-03-05 14:08:49] [INFO ] Browser closed successfully
[2026-03-05 14:08:49] [INFO ] ===== TEST STARTED: TC_010_SuccessMessageAfterLogin =====
[2026-03-05 14:08:50] [INFO ] Browser launched
[2026-03-05 14:08:51] [INFO ] Browser window maximized
[2026-03-05 14:08:54] [INFO ] Navigated to application URL
[2026-03-05 14:08:55] [INFO ] Test execution completed for: TC_010_SuccessMessageAfterLogin
[2026-03-05 14:08:55] [DEBUG] Execution time: 5.71 sec
[2026-03-05 14:08:55] [PASS ] ===== TEST PASSED: TC_010_SuccessMessageAfterLogin =====
[2026-03-05 14:08:55] [INFO ] Closing browser
[2026-03-05 14:08:55] [INFO ] Browser closed successfully
[2026-03-05 14:08:55] [INFO ] ===== TEST STARTED: TC_011_SuccessMessageText =====
[2026-03-05 14:08:56] [INFO ] Browser launched
[2026-03-05 14:08:56] [INFO ] Browser window maximized
[2026-03-05 14:09:00] [INFO ] Navigated to application URL
[2026-03-05 14:09:01] [INFO ] Test execution completed for: TC_011_SuccessMessageText
[2026-03-05 14:09:01] [DEBUG] Execution time: 5.69 sec
[2026-03-05 14:09:01] [PASS ] ===== TEST PASSED: TC_011_SuccessMessageText =====
[2026-03-05 14:09:01] [INFO ] Closing browser
[2026-03-05 14:09:01] [INFO ] Browser closed successfully
[2026-03-05 14:09:01] [INFO ] ===== TEST STARTED: TC_004_EmptyFields =====
[2026-03-05 14:09:02] [INFO ] Browser launched
[2026-03-05 14:09:02] [INFO ] Browser window maximized
[2026-03-05 14:09:06] [INFO ] Navigated to application URL
[2026-03-05 14:09:07] [INFO ] Test execution completed for: TC_004_EmptyFields
[2026-03-05 14:09:07] [DEBUG] Execution time: 6.01 sec
[2026-03-05 14:09:07] [PASS ] ===== TEST PASSED: TC_004_EmptyFields =====
[2026-03-05 14:09:07] [INFO ] Closing browser
[2026-03-05 14:09:07] [INFO ] Browser closed successfully
[2026-03-05 14:09:07] [INFO ] ===== TEST STARTED: TC_003_InvalidPassword =====
[2026-03-05 14:09:08] [INFO ] Browser launched
[2026-03-05 14:09:08] [INFO ] Browser window maximized
[2026-03-05 14:09:12] [INFO ] Navigated to application URL
[2026-03-05 14:09:13] [INFO ] Test execution completed for: TC_003_InvalidPassword
[2026-03-05 14:09:13] [DEBUG] Execution time: 6.31 sec
[2026-03-05 14:09:13] [PASS ] ===== TEST PASSED: TC_003_InvalidPassword =====
[2026-03-05 14:09:13] [INFO ] Closing browser
[2026-03-05 14:09:13] [INFO ] Browser closed successfully
[2026-03-05 14:09:13] [INFO ] ===== TEST STARTED: TC_002_InvalidUsername =====
[2026-03-05 14:09:15] [INFO ] Browser launched
[2026-03-05 14:09:15] [INFO ] Browser window maximized
[2026-03-05 14:09:18] [INFO ] Navigated to application URL
[2026-03-05 14:09:19] [INFO ] Test execution completed for: TC_002_InvalidUsername
[2026-03-05 14:09:19] [DEBUG] Execution time: 5.67 sec
[2026-03-05 14:09:19] [PASS ] ===== TEST PASSED: TC_002_InvalidUsername =====
[2026-03-05 14:09:19] [INFO ] Closing browser
[2026-03-05 14:09:19] [INFO ] Browser closed successfully
[2026-03-05 14:09:19] [INFO ] ===== TEST STARTED: TC_005_SpecialCharacters =====
[2026-03-05 14:09:20] [INFO ] Browser launched
[2026-03-05 14:09:21] [INFO ] Browser window maximized
[2026-03-05 14:09:24] [INFO ] Navigated to application URL
[2026-03-05 14:09:25] [INFO ] Test execution completed for: TC_005_SpecialCharacters
[2026-03-05 14:09:25] [DEBUG] Execution time: 5.67 sec
[2026-03-05 14:09:25] [PASS ] ===== TEST PASSED: TC_005_SpecialCharacters =====
[2026-03-05 14:09:25] [INFO ] Closing browser
[2026-03-05 14:09:25] [INFO ] Browser closed successfully
[2026-03-05 14:09:25] [INFO ] ===== TEST STARTED: TC_001_ValidLogin =====
[2026-03-05 14:09:26] [INFO ] Browser launched
[2026-03-05 14:09:26] [INFO ] Browser window maximized
[2026-03-05 14:09:30] [INFO ] Navigated to application URL
[2026-03-05 14:09:31] [INFO ] Test execution completed for: TC_001_ValidLogin
[2026-03-05 14:09:31] [DEBUG] Execution time: 5.74 sec
[2026-03-05 14:09:31] [PASS ] ===== TEST PASSED: TC_001_ValidLogin =====
[2026-03-05 14:09:31] [INFO ] Closing browser
[2026-03-05 14:09:31] [INFO ] Browser closed successfully
